<?xml version="1.0" encoding="UTF-8"?>
<testsuite xmlns:xsi="http://www.w3.org/2001/XMLSchema-instance" xsi:noNamespaceSchemaLocation="https://maven.apache.org/surefire/maven-surefire-plugin/xsd/surefire-test-report.xsd" version="3.0.2" name="com.xmu.edu.concert_ticketseckill_system.ConcertTicketseckillSystemApplicationTests" time="7.016" tests="1" errors="0" skipped="0" failures="0">
  <properties>
    <property name="java.specification.version" value="17"/>
    <property name="sun.cpu.isalist" value="amd64"/>
    <property name="sun.jnu.encoding" value="GBK"/>
    <property name="java.class.path" value="D:\.net作业\concert_ticketseckill_system\target\test-classes;D:\.net作业\concert_ticketseckill_system\target\classes;D:\BaiduNetdiskDownload\apache-maven-3.8.1\.m2\org\springframework\boot\spring-boot-starter-web\3.4.5\spring-boot-starter-web-3.4.5.jar;D:\BaiduNetdiskDownload\apache-maven-3.8.1\.m2\org\springframework\boot\spring-boot-starter\3.4.5\spring-boot-starter-3.4.5.jar;D:\BaiduNetdiskDownload\apache-maven-3.8.1\.m2\org\springframework\boot\spring-boot\3.4.5\spring-boot-3.4.5.jar;D:\BaiduNetdiskDownload\apache-maven-3.8.1\.m2\org\springframework\boot\spring-boot-autoconfigure\3.4.5\spring-boot-autoconfigure-3.4.5.jar;D:\BaiduNetdiskDownload\apache-maven-3.8.1\.m2\org\springframework\boot\spring-boot-starter-logging\3.4.5\spring-boot-starter-logging-3.4.5.jar;D:\BaiduNetdiskDownload\apache-maven-3.8.1\.m2\ch\qos\logback\logback-classic\1.5.18\logback-classic-1.5.18.jar;D:\BaiduNetdiskDownload\apache-maven-3.8.1\.m2\ch\qos\logback\logback-core\1.5.18\logback-core-1.5.18.jar;D:\BaiduNetdiskDownload\apache-maven-3.8.1\.m2\org\apache\logging\log4j\log4j-to-slf4j\2.24.3\log4j-to-slf4j-2.24.3.jar;D:\BaiduNetdiskDownload\apache-maven-3.8.1\.m2\org\apache\logging\log4j\log4j-api\2.24.3\log4j-api-2.24.3.jar;D:\BaiduNetdiskDownload\apache-maven-3.8.1\.m2\org\slf4j\jul-to-slf4j\2.0.17\jul-to-slf4j-2.0.17.jar;D:\BaiduNetdiskDownload\apache-maven-3.8.1\.m2\jakarta\annotation\jakarta.annotation-api\2.1.1\jakarta.annotation-api-2.1.1.jar;D:\BaiduNetdiskDownload\apache-maven-3.8.1\.m2\org\yaml\snakeyaml\2.3\snakeyaml-2.3.jar;D:\BaiduNetdiskDownload\apache-maven-3.8.1\.m2\org\springframework\boot\spring-boot-starter-json\3.4.5\spring-boot-starter-json-3.4.5.jar;D:\BaiduNetdiskDownload\apache-maven-3.8.1\.m2\com\fasterxml\jackson\datatype\jackson-datatype-jdk8\2.18.3\jackson-datatype-jdk8-2.18.3.jar;D:\BaiduNetdiskDownload\apache-maven-3.8.1\.m2\com\fasterxml\jackson\datatype\jackson-datatype-jsr310\2.18.3\jackson-datatype-jsr310-2.18.3.jar;D:\BaiduNetdiskDownload\apache-maven-3.8.1\.m2\com\fasterxml\jackson\module\jackson-module-parameter-names\2.18.3\jackson-module-parameter-names-2.18.3.jar;D:\BaiduNetdiskDownload\apache-maven-3.8.1\.m2\org\springframework\boot\spring-boot-starter-tomcat\3.4.5\spring-boot-starter-tomcat-3.4.5.jar;D:\BaiduNetdiskDownload\apache-maven-3.8.1\.m2\org\apache\tomcat\embed\tomcat-embed-core\10.1.40\tomcat-embed-core-10.1.40.jar;D:\BaiduNetdiskDownload\apache-maven-3.8.1\.m2\org\apache\tomcat\embed\tomcat-embed-el\10.1.40\tomcat-embed-el-10.1.40.jar;D:\BaiduNetdiskDownload\apache-maven-3.8.1\.m2\org\apache\tomcat\embed\tomcat-embed-websocket\10.1.40\tomcat-embed-websocket-10.1.40.jar;D:\BaiduNetdiskDownload\apache-maven-3.8.1\.m2\org\springframework\spring-web\6.2.6\spring-web-6.2.6.jar;D:\BaiduNetdiskDownload\apache-maven-3.8.1\.m2\org\springframework\spring-beans\6.2.6\spring-beans-6.2.6.jar;D:\BaiduNetdiskDownload\apache-maven-3.8.1\.m2\io\micrometer\micrometer-observation\1.14.6\micrometer-observation-1.14.6.jar;D:\BaiduNetdiskDownload\apache-maven-3.8.1\.m2\io\micrometer\micrometer-commons\1.14.6\micrometer-commons-1.14.6.jar;D:\BaiduNetdiskDownload\apache-maven-3.8.1\.m2\org\springframework\spring-webmvc\6.2.6\spring-webmvc-6.2.6.jar;D:\BaiduNetdiskDownload\apache-maven-3.8.1\.m2\org\springframework\spring-context\6.2.6\spring-context-6.2.6.jar;D:\BaiduNetdiskDownload\apache-maven-3.8.1\.m2\org\springframework\spring-expression\6.2.6\spring-expression-6.2.6.jar;D:\BaiduNetdiskDownload\apache-maven-3.8.1\.m2\org\springframework\boot\spring-boot-starter-test\2.1.6.RELEASE\spring-boot-starter-test-2.1.6.RELEASE.jar;D:\BaiduNetdiskDownload\apache-maven-3.8.1\.m2\org\springframework\boot\spring-boot-test\3.4.5\spring-boot-test-3.4.5.jar;D:\BaiduNetdiskDownload\apache-maven-3.8.1\.m2\org\springframework\boot\spring-boot-test-autoconfigure\3.4.5\spring-boot-test-autoconfigure-3.4.5.jar;D:\BaiduNetdiskDownload\apache-maven-3.8.1\.m2\com\jayway\jsonpath\json-path\2.9.0\json-path-2.9.0.jar;D:\BaiduNetdiskDownload\apache-maven-3.8.1\.m2\net\minidev\json-smart\2.5.2\json-smart-2.5.2.jar;D:\BaiduNetdiskDownload\apache-maven-3.8.1\.m2\net\minidev\accessors-smart\2.5.2\accessors-smart-2.5.2.jar;D:\BaiduNetdiskDownload\apache-maven-3.8.1\.m2\org\ow2\asm\asm\9.7.1\asm-9.7.1.jar;D:\BaiduNetdiskDownload\apache-maven-3.8.1\.m2\org\assertj\assertj-core\3.26.3\assertj-core-3.26.3.jar;D:\BaiduNetdiskDownload\apache-maven-3.8.1\.m2\net\bytebuddy\byte-buddy\1.15.11\byte-buddy-1.15.11.jar;D:\BaiduNetdiskDownload\apache-maven-3.8.1\.m2\org\mockito\mockito-core\5.14.2\mockito-core-5.14.2.jar;D:\BaiduNetdiskDownload\apache-maven-3.8.1\.m2\net\bytebuddy\byte-buddy-agent\1.15.11\byte-buddy-agent-1.15.11.jar;D:\BaiduNetdiskDownload\apache-maven-3.8.1\.m2\org\objenesis\objenesis\3.3\objenesis-3.3.jar;D:\BaiduNetdiskDownload\apache-maven-3.8.1\.m2\org\hamcrest\hamcrest-core\2.2\hamcrest-core-2.2.jar;D:\BaiduNetdiskDownload\apache-maven-3.8.1\.m2\org\hamcrest\hamcrest\2.2\hamcrest-2.2.jar;D:\BaiduNetdiskDownload\apache-maven-3.8.1\.m2\org\hamcrest\hamcrest-library\2.2\hamcrest-library-2.2.jar;D:\BaiduNetdiskDownload\apache-maven-3.8.1\.m2\org\skyscreamer\jsonassert\1.5.3\jsonassert-1.5.3.jar;D:\BaiduNetdiskDownload\apache-maven-3.8.1\.m2\com\vaadin\external\google\android-json\0.0.20131108.vaadin1\android-json-0.0.20131108.vaadin1.jar;D:\BaiduNetdiskDownload\apache-maven-3.8.1\.m2\org\springframework\spring-core\6.2.6\spring-core-6.2.6.jar;D:\BaiduNetdiskDownload\apache-maven-3.8.1\.m2\org\springframework\spring-jcl\6.2.6\spring-jcl-6.2.6.jar;D:\BaiduNetdiskDownload\apache-maven-3.8.1\.m2\org\springframework\spring-test\6.2.6\spring-test-6.2.6.jar;D:\BaiduNetdiskDownload\apache-maven-3.8.1\.m2\org\xmlunit\xmlunit-core\2.10.0\xmlunit-core-2.10.0.jar;D:\BaiduNetdiskDownload\apache-maven-3.8.1\.m2\jakarta\xml\bind\jakarta.xml.bind-api\4.0.2\jakarta.xml.bind-api-4.0.2.jar;D:\BaiduNetdiskDownload\apache-maven-3.8.1\.m2\jakarta\activation\jakarta.activation-api\2.1.3\jakarta.activation-api-2.1.3.jar;D:\BaiduNetdiskDownload\apache-maven-3.8.1\.m2\org\junit\jupiter\junit-jupiter-engine\5.11.4\junit-jupiter-engine-5.11.4.jar;D:\BaiduNetdiskDownload\apache-maven-3.8.1\.m2\org\junit\platform\junit-platform-engine\1.11.4\junit-platform-engine-1.11.4.jar;D:\BaiduNetdiskDownload\apache-maven-3.8.1\.m2\org\opentest4j\opentest4j\1.3.0\opentest4j-1.3.0.jar;D:\BaiduNetdiskDownload\apache-maven-3.8.1\.m2\org\junit\platform\junit-platform-commons\1.11.4\junit-platform-commons-1.11.4.jar;D:\BaiduNetdiskDownload\apache-maven-3.8.1\.m2\org\junit\jupiter\junit-jupiter-api\5.11.4\junit-jupiter-api-5.11.4.jar;D:\BaiduNetdiskDownload\apache-maven-3.8.1\.m2\org\apiguardian\apiguardian-api\1.1.2\apiguardian-api-1.1.2.jar;D:\BaiduNetdiskDownload\apache-maven-3.8.1\.m2\org\springframework\boot\spring-boot-starter-aop\3.4.5\spring-boot-starter-aop-3.4.5.jar;D:\BaiduNetdiskDownload\apache-maven-3.8.1\.m2\org\springframework\spring-aop\6.2.6\spring-aop-6.2.6.jar;D:\BaiduNetdiskDownload\apache-maven-3.8.1\.m2\org\aspectj\aspectjweaver\1.9.24\aspectjweaver-1.9.24.jar;D:\BaiduNetdiskDownload\apache-maven-3.8.1\.m2\com\mysql\mysql-connector-j\8.0.33\mysql-connector-j-8.0.33.jar;D:\BaiduNetdiskDownload\apache-maven-3.8.1\.m2\org\mybatis\mybatis-spring\3.0.4\mybatis-spring-3.0.4.jar;D:\BaiduNetdiskDownload\apache-maven-3.8.1\.m2\org\mybatis\spring\boot\mybatis-spring-boot-starter\3.0.4\mybatis-spring-boot-starter-3.0.4.jar;D:\BaiduNetdiskDownload\apache-maven-3.8.1\.m2\org\springframework\boot\spring-boot-starter-jdbc\3.4.5\spring-boot-starter-jdbc-3.4.5.jar;D:\BaiduNetdiskDownload\apache-maven-3.8.1\.m2\com\zaxxer\HikariCP\5.1.0\HikariCP-5.1.0.jar;D:\BaiduNetdiskDownload\apache-maven-3.8.1\.m2\org\springframework\spring-jdbc\6.2.6\spring-jdbc-6.2.6.jar;D:\BaiduNetdiskDownload\apache-maven-3.8.1\.m2\org\mybatis\spring\boot\mybatis-spring-boot-autoconfigure\3.0.4\mybatis-spring-boot-autoconfigure-3.0.4.jar;D:\BaiduNetdiskDownload\apache-maven-3.8.1\.m2\org\mybatis\mybatis\3.5.17\mybatis-3.5.17.jar;D:\BaiduNetdiskDownload\apache-maven-3.8.1\.m2\org\springframework\boot\spring-boot-starter-data-redis\3.4.5\spring-boot-starter-data-redis-3.4.5.jar;D:\BaiduNetdiskDownload\apache-maven-3.8.1\.m2\io\lettuce\lettuce-core\6.4.2.RELEASE\lettuce-core-6.4.2.RELEASE.jar;D:\BaiduNetdiskDownload\apache-maven-3.8.1\.m2\io\netty\netty-common\4.1.119.Final\netty-common-4.1.119.Final.jar;D:\BaiduNetdiskDownload\apache-maven-3.8.1\.m2\io\netty\netty-handler\4.1.119.Final\netty-handler-4.1.119.Final.jar;D:\BaiduNetdiskDownload\apache-maven-3.8.1\.m2\io\netty\netty-resolver\4.1.119.Final\netty-resolver-4.1.119.Final.jar;D:\BaiduNetdiskDownload\apache-maven-3.8.1\.m2\io\netty\netty-buffer\4.1.119.Final\netty-buffer-4.1.119.Final.jar;D:\BaiduNetdiskDownload\apache-maven-3.8.1\.m2\io\netty\netty-transport-native-unix-common\4.1.119.Final\netty-transport-native-unix-common-4.1.119.Final.jar;D:\BaiduNetdiskDownload\apache-maven-3.8.1\.m2\io\netty\netty-codec\4.1.119.Final\netty-codec-4.1.119.Final.jar;D:\BaiduNetdiskDownload\apache-maven-3.8.1\.m2\io\netty\netty-transport\4.1.119.Final\netty-transport-4.1.119.Final.jar;D:\BaiduNetdiskDownload\apache-maven-3.8.1\.m2\io\projectreactor\reactor-core\3.7.5\reactor-core-3.7.5.jar;D:\BaiduNetdiskDownload\apache-maven-3.8.1\.m2\org\reactivestreams\reactive-streams\1.0.4\reactive-streams-1.0.4.jar;D:\BaiduNetdiskDownload\apache-maven-3.8.1\.m2\org\springframework\data\spring-data-redis\3.4.5\spring-data-redis-3.4.5.jar;D:\BaiduNetdiskDownload\apache-maven-3.8.1\.m2\org\springframework\data\spring-data-keyvalue\3.4.5\spring-data-keyvalue-3.4.5.jar;D:\BaiduNetdiskDownload\apache-maven-3.8.1\.m2\org\springframework\data\spring-data-commons\3.4.5\spring-data-commons-3.4.5.jar;D:\BaiduNetdiskDownload\apache-maven-3.8.1\.m2\org\springframework\spring-tx\6.2.6\spring-tx-6.2.6.jar;D:\BaiduNetdiskDownload\apache-maven-3.8.1\.m2\org\springframework\spring-oxm\6.2.6\spring-oxm-6.2.6.jar;D:\BaiduNetdiskDownload\apache-maven-3.8.1\.m2\org\springframework\spring-context-support\6.2.6\spring-context-support-6.2.6.jar;D:\BaiduNetdiskDownload\apache-maven-3.8.1\.m2\redis\clients\jedis\5.2.0\jedis-5.2.0.jar;D:\BaiduNetdiskDownload\apache-maven-3.8.1\.m2\org\slf4j\slf4j-api\2.0.17\slf4j-api-2.0.17.jar;D:\BaiduNetdiskDownload\apache-maven-3.8.1\.m2\org\apache\commons\commons-pool2\2.12.1\commons-pool2-2.12.1.jar;D:\BaiduNetdiskDownload\apache-maven-3.8.1\.m2\org\json\json\20240303\json-20240303.jar;D:\BaiduNetdiskDownload\apache-maven-3.8.1\.m2\com\google\code\gson\gson\2.11.0\gson-2.11.0.jar;D:\BaiduNetdiskDownload\apache-maven-3.8.1\.m2\com\google\errorprone\error_prone_annotations\2.27.0\error_prone_annotations-2.27.0.jar;D:\BaiduNetdiskDownload\apache-maven-3.8.1\.m2\org\springframework\boot\spring-boot-starter-amqp\3.4.5\spring-boot-starter-amqp-3.4.5.jar;D:\BaiduNetdiskDownload\apache-maven-3.8.1\.m2\org\springframework\spring-messaging\6.2.6\spring-messaging-6.2.6.jar;D:\BaiduNetdiskDownload\apache-maven-3.8.1\.m2\org\springframework\amqp\spring-rabbit\3.2.5\spring-rabbit-3.2.5.jar;D:\BaiduNetdiskDownload\apache-maven-3.8.1\.m2\org\springframework\amqp\spring-amqp\3.2.5\spring-amqp-3.2.5.jar;D:\BaiduNetdiskDownload\apache-maven-3.8.1\.m2\org\springframework\retry\spring-retry\2.0.11\spring-retry-2.0.11.jar;D:\BaiduNetdiskDownload\apache-maven-3.8.1\.m2\com\rabbitmq\amqp-client\5.22.0\amqp-client-5.22.0.jar;D:\BaiduNetdiskDownload\apache-maven-3.8.1\.m2\io\jsonwebtoken\jjwt-api\0.11.5\jjwt-api-0.11.5.jar;D:\BaiduNetdiskDownload\apache-maven-3.8.1\.m2\io\jsonwebtoken\jjwt-impl\0.11.5\jjwt-impl-0.11.5.jar;D:\BaiduNetdiskDownload\apache-maven-3.8.1\.m2\io\jsonwebtoken\jjwt-jackson\0.11.5\jjwt-jackson-0.11.5.jar;D:\BaiduNetdiskDownload\apache-maven-3.8.1\.m2\com\fasterxml\jackson\core\jackson-databind\2.18.3\jackson-databind-2.18.3.jar;D:\BaiduNetdiskDownload\apache-maven-3.8.1\.m2\com\fasterxml\jackson\core\jackson-annotations\2.18.3\jackson-annotations-2.18.3.jar;D:\BaiduNetdiskDownload\apache-maven-3.8.1\.m2\com\fasterxml\jackson\core\jackson-core\2.18.3\jackson-core-2.18.3.jar;D:\BaiduNetdiskDownload\apache-maven-3.8.1\.m2\org\projectlombok\lombok\1.18.38\lombok-1.18.38.jar;D:\BaiduNetdiskDownload\apache-maven-3.8.1\.m2\junit\junit\4.13.2\junit-4.13.2.jar;D:\BaiduNetdiskDownload\apache-maven-3.8.1\.m2\org\mockito\mockito-subclass\5.12.0\mockito-subclass-5.12.0.jar;D:\BaiduNetdiskDownload\apache-maven-3.8.1\.m2\com\github\xiaoymin\knife4j-openapi3-jakarta-spring-boot-starter\4.5.0\knife4j-openapi3-jakarta-spring-boot-starter-4.5.0.jar;D:\BaiduNetdiskDownload\apache-maven-3.8.1\.m2\com\github\xiaoymin\knife4j-core\4.5.0\knife4j-core-4.5.0.jar;D:\BaiduNetdiskDownload\apache-maven-3.8.1\.m2\com\github\xiaoymin\knife4j-openapi3-ui\4.5.0\knife4j-openapi3-ui-4.5.0.jar;D:\BaiduNetdiskDownload\apache-maven-3.8.1\.m2\org\springdoc\springdoc-openapi-starter-webmvc-ui\2.3.0\springdoc-openapi-starter-webmvc-ui-2.3.0.jar;D:\BaiduNetdiskDownload\apache-maven-3.8.1\.m2\org\springdoc\springdoc-openapi-starter-webmvc-api\2.3.0\springdoc-openapi-starter-webmvc-api-2.3.0.jar;D:\BaiduNetdiskDownload\apache-maven-3.8.1\.m2\org\springdoc\springdoc-openapi-starter-common\2.3.0\springdoc-openapi-starter-common-2.3.0.jar;D:\BaiduNetdiskDownload\apache-maven-3.8.1\.m2\io\swagger\core\v3\swagger-core-jakarta\2.2.19\swagger-core-jakarta-2.2.19.jar;D:\BaiduNetdiskDownload\apache-maven-3.8.1\.m2\org\apache\commons\commons-lang3\3.17.0\commons-lang3-3.17.0.jar;D:\BaiduNetdiskDownload\apache-maven-3.8.1\.m2\io\swagger\core\v3\swagger-annotations-jakarta\2.2.19\swagger-annotations-jakarta-2.2.19.jar;D:\BaiduNetdiskDownload\apache-maven-3.8.1\.m2\io\swagger\core\v3\swagger-models-jakarta\2.2.19\swagger-models-jakarta-2.2.19.jar;D:\BaiduNetdiskDownload\apache-maven-3.8.1\.m2\jakarta\validation\jakarta.validation-api\3.0.2\jakarta.validation-api-3.0.2.jar;D:\BaiduNetdiskDownload\apache-maven-3.8.1\.m2\com\fasterxml\jackson\dataformat\jackson-dataformat-yaml\2.18.3\jackson-dataformat-yaml-2.18.3.jar;D:\BaiduNetdiskDownload\apache-maven-3.8.1\.m2\org\webjars\swagger-ui\5.10.3\swagger-ui-5.10.3.jar;"/>
    <property name="java.vm.vendor" value="Oracle Corporation"/>
    <property name="sun.arch.data.model" value="64"/>
    <property name="user.variant" value=""/>
    <property name="java.vendor.url" value="https://java.oracle.com/"/>
    <property name="user.timezone" value="Asia/Shanghai"/>
    <property name="os.name" value="Windows 11"/>
    <property name="java.vm.specification.version" value="17"/>
    <property name="sun.java.launcher" value="SUN_STANDARD"/>
    <property name="user.country" value="CN"/>
    <property name="sun.boot.library.path" value="C:\Program Files\Java\jdk-17\bin"/>
    <property name="sun.java.command" value="C:\Users\wjy\AppData\Local\Temp\surefire8204762959123874659\surefirebooter-20250608022848263_3.jar C:\Users\wjy\AppData\Local\Temp\surefire8204762959123874659 2025-06-08T02-28-48_029-jvmRun1 surefire-20250608022848263_1tmp surefire_0-20250608022848263_2tmp"/>
    <property name="jdk.debug" value="release"/>
    <property name="surefire.test.class.path" value="D:\.net作业\concert_ticketseckill_system\target\test-classes;D:\.net作业\concert_ticketseckill_system\target\classes;D:\BaiduNetdiskDownload\apache-maven-3.8.1\.m2\org\springframework\boot\spring-boot-starter-web\3.4.5\spring-boot-starter-web-3.4.5.jar;D:\BaiduNetdiskDownload\apache-maven-3.8.1\.m2\org\springframework\boot\spring-boot-starter\3.4.5\spring-boot-starter-3.4.5.jar;D:\BaiduNetdiskDownload\apache-maven-3.8.1\.m2\org\springframework\boot\spring-boot\3.4.5\spring-boot-3.4.5.jar;D:\BaiduNetdiskDownload\apache-maven-3.8.1\.m2\org\springframework\boot\spring-boot-autoconfigure\3.4.5\spring-boot-autoconfigure-3.4.5.jar;D:\BaiduNetdiskDownload\apache-maven-3.8.1\.m2\org\springframework\boot\spring-boot-starter-logging\3.4.5\spring-boot-starter-logging-3.4.5.jar;D:\BaiduNetdiskDownload\apache-maven-3.8.1\.m2\ch\qos\logback\logback-classic\1.5.18\logback-classic-1.5.18.jar;D:\BaiduNetdiskDownload\apache-maven-3.8.1\.m2\ch\qos\logback\logback-core\1.5.18\logback-core-1.5.18.jar;D:\BaiduNetdiskDownload\apache-maven-3.8.1\.m2\org\apache\logging\log4j\log4j-to-slf4j\2.24.3\log4j-to-slf4j-2.24.3.jar;D:\BaiduNetdiskDownload\apache-maven-3.8.1\.m2\org\apache\logging\log4j\log4j-api\2.24.3\log4j-api-2.24.3.jar;D:\BaiduNetdiskDownload\apache-maven-3.8.1\.m2\org\slf4j\jul-to-slf4j\2.0.17\jul-to-slf4j-2.0.17.jar;D:\BaiduNetdiskDownload\apache-maven-3.8.1\.m2\jakarta\annotation\jakarta.annotation-api\2.1.1\jakarta.annotation-api-2.1.1.jar;D:\BaiduNetdiskDownload\apache-maven-3.8.1\.m2\org\yaml\snakeyaml\2.3\snakeyaml-2.3.jar;D:\BaiduNetdiskDownload\apache-maven-3.8.1\.m2\org\springframework\boot\spring-boot-starter-json\3.4.5\spring-boot-starter-json-3.4.5.jar;D:\BaiduNetdiskDownload\apache-maven-3.8.1\.m2\com\fasterxml\jackson\datatype\jackson-datatype-jdk8\2.18.3\jackson-datatype-jdk8-2.18.3.jar;D:\BaiduNetdiskDownload\apache-maven-3.8.1\.m2\com\fasterxml\jackson\datatype\jackson-datatype-jsr310\2.18.3\jackson-datatype-jsr310-2.18.3.jar;D:\BaiduNetdiskDownload\apache-maven-3.8.1\.m2\com\fasterxml\jackson\module\jackson-module-parameter-names\2.18.3\jackson-module-parameter-names-2.18.3.jar;D:\BaiduNetdiskDownload\apache-maven-3.8.1\.m2\org\springframework\boot\spring-boot-starter-tomcat\3.4.5\spring-boot-starter-tomcat-3.4.5.jar;D:\BaiduNetdiskDownload\apache-maven-3.8.1\.m2\org\apache\tomcat\embed\tomcat-embed-core\10.1.40\tomcat-embed-core-10.1.40.jar;D:\BaiduNetdiskDownload\apache-maven-3.8.1\.m2\org\apache\tomcat\embed\tomcat-embed-el\10.1.40\tomcat-embed-el-10.1.40.jar;D:\BaiduNetdiskDownload\apache-maven-3.8.1\.m2\org\apache\tomcat\embed\tomcat-embed-websocket\10.1.40\tomcat-embed-websocket-10.1.40.jar;D:\BaiduNetdiskDownload\apache-maven-3.8.1\.m2\org\springframework\spring-web\6.2.6\spring-web-6.2.6.jar;D:\BaiduNetdiskDownload\apache-maven-3.8.1\.m2\org\springframework\spring-beans\6.2.6\spring-beans-6.2.6.jar;D:\BaiduNetdiskDownload\apache-maven-3.8.1\.m2\io\micrometer\micrometer-observation\1.14.6\micrometer-observation-1.14.6.jar;D:\BaiduNetdiskDownload\apache-maven-3.8.1\.m2\io\micrometer\micrometer-commons\1.14.6\micrometer-commons-1.14.6.jar;D:\BaiduNetdiskDownload\apache-maven-3.8.1\.m2\org\springframework\spring-webmvc\6.2.6\spring-webmvc-6.2.6.jar;D:\BaiduNetdiskDownload\apache-maven-3.8.1\.m2\org\springframework\spring-context\6.2.6\spring-context-6.2.6.jar;D:\BaiduNetdiskDownload\apache-maven-3.8.1\.m2\org\springframework\spring-expression\6.2.6\spring-expression-6.2.6.jar;D:\BaiduNetdiskDownload\apache-maven-3.8.1\.m2\org\springframework\boot\spring-boot-starter-test\2.1.6.RELEASE\spring-boot-starter-test-2.1.6.RELEASE.jar;D:\BaiduNetdiskDownload\apache-maven-3.8.1\.m2\org\springframework\boot\spring-boot-test\3.4.5\spring-boot-test-3.4.5.jar;D:\BaiduNetdiskDownload\apache-maven-3.8.1\.m2\org\springframework\boot\spring-boot-test-autoconfigure\3.4.5\spring-boot-test-autoconfigure-3.4.5.jar;D:\BaiduNetdiskDownload\apache-maven-3.8.1\.m2\com\jayway\jsonpath\json-path\2.9.0\json-path-2.9.0.jar;D:\BaiduNetdiskDownload\apache-maven-3.8.1\.m2\net\minidev\json-smart\2.5.2\json-smart-2.5.2.jar;D:\BaiduNetdiskDownload\apache-maven-3.8.1\.m2\net\minidev\accessors-smart\2.5.2\accessors-smart-2.5.2.jar;D:\BaiduNetdiskDownload\apache-maven-3.8.1\.m2\org\ow2\asm\asm\9.7.1\asm-9.7.1.jar;D:\BaiduNetdiskDownload\apache-maven-3.8.1\.m2\org\assertj\assertj-core\3.26.3\assertj-core-3.26.3.jar;D:\BaiduNetdiskDownload\apache-maven-3.8.1\.m2\net\bytebuddy\byte-buddy\1.15.11\byte-buddy-1.15.11.jar;D:\BaiduNetdiskDownload\apache-maven-3.8.1\.m2\org\mockito\mockito-core\5.14.2\mockito-core-5.14.2.jar;D:\BaiduNetdiskDownload\apache-maven-3.8.1\.m2\net\bytebuddy\byte-buddy-agent\1.15.11\byte-buddy-agent-1.15.11.jar;D:\BaiduNetdiskDownload\apache-maven-3.8.1\.m2\org\objenesis\objenesis\3.3\objenesis-3.3.jar;D:\BaiduNetdiskDownload\apache-maven-3.8.1\.m2\org\hamcrest\hamcrest-core\2.2\hamcrest-core-2.2.jar;D:\BaiduNetdiskDownload\apache-maven-3.8.1\.m2\org\hamcrest\hamcrest\2.2\hamcrest-2.2.jar;D:\BaiduNetdiskDownload\apache-maven-3.8.1\.m2\org\hamcrest\hamcrest-library\2.2\hamcrest-library-2.2.jar;D:\BaiduNetdiskDownload\apache-maven-3.8.1\.m2\org\skyscreamer\jsonassert\1.5.3\jsonassert-1.5.3.jar;D:\BaiduNetdiskDownload\apache-maven-3.8.1\.m2\com\vaadin\external\google\android-json\0.0.20131108.vaadin1\android-json-0.0.20131108.vaadin1.jar;D:\BaiduNetdiskDownload\apache-maven-3.8.1\.m2\org\springframework\spring-core\6.2.6\spring-core-6.2.6.jar;D:\BaiduNetdiskDownload\apache-maven-3.8.1\.m2\org\springframework\spring-jcl\6.2.6\spring-jcl-6.2.6.jar;D:\BaiduNetdiskDownload\apache-maven-3.8.1\.m2\org\springframework\spring-test\6.2.6\spring-test-6.2.6.jar;D:\BaiduNetdiskDownload\apache-maven-3.8.1\.m2\org\xmlunit\xmlunit-core\2.10.0\xmlunit-core-2.10.0.jar;D:\BaiduNetdiskDownload\apache-maven-3.8.1\.m2\jakarta\xml\bind\jakarta.xml.bind-api\4.0.2\jakarta.xml.bind-api-4.0.2.jar;D:\BaiduNetdiskDownload\apache-maven-3.8.1\.m2\jakarta\activation\jakarta.activation-api\2.1.3\jakarta.activation-api-2.1.3.jar;D:\BaiduNetdiskDownload\apache-maven-3.8.1\.m2\org\junit\jupiter\junit-jupiter-engine\5.11.4\junit-jupiter-engine-5.11.4.jar;D:\BaiduNetdiskDownload\apache-maven-3.8.1\.m2\org\junit\platform\junit-platform-engine\1.11.4\junit-platform-engine-1.11.4.jar;D:\BaiduNetdiskDownload\apache-maven-3.8.1\.m2\org\opentest4j\opentest4j\1.3.0\opentest4j-1.3.0.jar;D:\BaiduNetdiskDownload\apache-maven-3.8.1\.m2\org\junit\platform\junit-platform-commons\1.11.4\junit-platform-commons-1.11.4.jar;D:\BaiduNetdiskDownload\apache-maven-3.8.1\.m2\org\junit\jupiter\junit-jupiter-api\5.11.4\junit-jupiter-api-5.11.4.jar;D:\BaiduNetdiskDownload\apache-maven-3.8.1\.m2\org\apiguardian\apiguardian-api\1.1.2\apiguardian-api-1.1.2.jar;D:\BaiduNetdiskDownload\apache-maven-3.8.1\.m2\org\springframework\boot\spring-boot-starter-aop\3.4.5\spring-boot-starter-aop-3.4.5.jar;D:\BaiduNetdiskDownload\apache-maven-3.8.1\.m2\org\springframework\spring-aop\6.2.6\spring-aop-6.2.6.jar;D:\BaiduNetdiskDownload\apache-maven-3.8.1\.m2\org\aspectj\aspectjweaver\1.9.24\aspectjweaver-1.9.24.jar;D:\BaiduNetdiskDownload\apache-maven-3.8.1\.m2\com\mysql\mysql-connector-j\8.0.33\mysql-connector-j-8.0.33.jar;D:\BaiduNetdiskDownload\apache-maven-3.8.1\.m2\org\mybatis\mybatis-spring\3.0.4\mybatis-spring-3.0.4.jar;D:\BaiduNetdiskDownload\apache-maven-3.8.1\.m2\org\mybatis\spring\boot\mybatis-spring-boot-starter\3.0.4\mybatis-spring-boot-starter-3.0.4.jar;D:\BaiduNetdiskDownload\apache-maven-3.8.1\.m2\org\springframework\boot\spring-boot-starter-jdbc\3.4.5\spring-boot-starter-jdbc-3.4.5.jar;D:\BaiduNetdiskDownload\apache-maven-3.8.1\.m2\com\zaxxer\HikariCP\5.1.0\HikariCP-5.1.0.jar;D:\BaiduNetdiskDownload\apache-maven-3.8.1\.m2\org\springframework\spring-jdbc\6.2.6\spring-jdbc-6.2.6.jar;D:\BaiduNetdiskDownload\apache-maven-3.8.1\.m2\org\mybatis\spring\boot\mybatis-spring-boot-autoconfigure\3.0.4\mybatis-spring-boot-autoconfigure-3.0.4.jar;D:\BaiduNetdiskDownload\apache-maven-3.8.1\.m2\org\mybatis\mybatis\3.5.17\mybatis-3.5.17.jar;D:\BaiduNetdiskDownload\apache-maven-3.8.1\.m2\org\springframework\boot\spring-boot-starter-data-redis\3.4.5\spring-boot-starter-data-redis-3.4.5.jar;D:\BaiduNetdiskDownload\apache-maven-3.8.1\.m2\io\lettuce\lettuce-core\6.4.2.RELEASE\lettuce-core-6.4.2.RELEASE.jar;D:\BaiduNetdiskDownload\apache-maven-3.8.1\.m2\io\netty\netty-common\4.1.119.Final\netty-common-4.1.119.Final.jar;D:\BaiduNetdiskDownload\apache-maven-3.8.1\.m2\io\netty\netty-handler\4.1.119.Final\netty-handler-4.1.119.Final.jar;D:\BaiduNetdiskDownload\apache-maven-3.8.1\.m2\io\netty\netty-resolver\4.1.119.Final\netty-resolver-4.1.119.Final.jar;D:\BaiduNetdiskDownload\apache-maven-3.8.1\.m2\io\netty\netty-buffer\4.1.119.Final\netty-buffer-4.1.119.Final.jar;D:\BaiduNetdiskDownload\apache-maven-3.8.1\.m2\io\netty\netty-transport-native-unix-common\4.1.119.Final\netty-transport-native-unix-common-4.1.119.Final.jar;D:\BaiduNetdiskDownload\apache-maven-3.8.1\.m2\io\netty\netty-codec\4.1.119.Final\netty-codec-4.1.119.Final.jar;D:\BaiduNetdiskDownload\apache-maven-3.8.1\.m2\io\netty\netty-transport\4.1.119.Final\netty-transport-4.1.119.Final.jar;D:\BaiduNetdiskDownload\apache-maven-3.8.1\.m2\io\projectreactor\reactor-core\3.7.5\reactor-core-3.7.5.jar;D:\BaiduNetdiskDownload\apache-maven-3.8.1\.m2\org\reactivestreams\reactive-streams\1.0.4\reactive-streams-1.0.4.jar;D:\BaiduNetdiskDownload\apache-maven-3.8.1\.m2\org\springframework\data\spring-data-redis\3.4.5\spring-data-redis-3.4.5.jar;D:\BaiduNetdiskDownload\apache-maven-3.8.1\.m2\org\springframework\data\spring-data-keyvalue\3.4.5\spring-data-keyvalue-3.4.5.jar;D:\BaiduNetdiskDownload\apache-maven-3.8.1\.m2\org\springframework\data\spring-data-commons\3.4.5\spring-data-commons-3.4.5.jar;D:\BaiduNetdiskDownload\apache-maven-3.8.1\.m2\org\springframework\spring-tx\6.2.6\spring-tx-6.2.6.jar;D:\BaiduNetdiskDownload\apache-maven-3.8.1\.m2\org\springframework\spring-oxm\6.2.6\spring-oxm-6.2.6.jar;D:\BaiduNetdiskDownload\apache-maven-3.8.1\.m2\org\springframework\spring-context-support\6.2.6\spring-context-support-6.2.6.jar;D:\BaiduNetdiskDownload\apache-maven-3.8.1\.m2\redis\clients\jedis\5.2.0\jedis-5.2.0.jar;D:\BaiduNetdiskDownload\apache-maven-3.8.1\.m2\org\slf4j\slf4j-api\2.0.17\slf4j-api-2.0.17.jar;D:\BaiduNetdiskDownload\apache-maven-3.8.1\.m2\org\apache\commons\commons-pool2\2.12.1\commons-pool2-2.12.1.jar;D:\BaiduNetdiskDownload\apache-maven-3.8.1\.m2\org\json\json\20240303\json-20240303.jar;D:\BaiduNetdiskDownload\apache-maven-3.8.1\.m2\com\google\code\gson\gson\2.11.0\gson-2.11.0.jar;D:\BaiduNetdiskDownload\apache-maven-3.8.1\.m2\com\google\errorprone\error_prone_annotations\2.27.0\error_prone_annotations-2.27.0.jar;D:\BaiduNetdiskDownload\apache-maven-3.8.1\.m2\org\springframework\boot\spring-boot-starter-amqp\3.4.5\spring-boot-starter-amqp-3.4.5.jar;D:\BaiduNetdiskDownload\apache-maven-3.8.1\.m2\org\springframework\spring-messaging\6.2.6\spring-messaging-6.2.6.jar;D:\BaiduNetdiskDownload\apache-maven-3.8.1\.m2\org\springframework\amqp\spring-rabbit\3.2.5\spring-rabbit-3.2.5.jar;D:\BaiduNetdiskDownload\apache-maven-3.8.1\.m2\org\springframework\amqp\spring-amqp\3.2.5\spring-amqp-3.2.5.jar;D:\BaiduNetdiskDownload\apache-maven-3.8.1\.m2\org\springframework\retry\spring-retry\2.0.11\spring-retry-2.0.11.jar;D:\BaiduNetdiskDownload\apache-maven-3.8.1\.m2\com\rabbitmq\amqp-client\5.22.0\amqp-client-5.22.0.jar;D:\BaiduNetdiskDownload\apache-maven-3.8.1\.m2\io\jsonwebtoken\jjwt-api\0.11.5\jjwt-api-0.11.5.jar;D:\BaiduNetdiskDownload\apache-maven-3.8.1\.m2\io\jsonwebtoken\jjwt-impl\0.11.5\jjwt-impl-0.11.5.jar;D:\BaiduNetdiskDownload\apache-maven-3.8.1\.m2\io\jsonwebtoken\jjwt-jackson\0.11.5\jjwt-jackson-0.11.5.jar;D:\BaiduNetdiskDownload\apache-maven-3.8.1\.m2\com\fasterxml\jackson\core\jackson-databind\2.18.3\jackson-databind-2.18.3.jar;D:\BaiduNetdiskDownload\apache-maven-3.8.1\.m2\com\fasterxml\jackson\core\jackson-annotations\2.18.3\jackson-annotations-2.18.3.jar;D:\BaiduNetdiskDownload\apache-maven-3.8.1\.m2\com\fasterxml\jackson\core\jackson-core\2.18.3\jackson-core-2.18.3.jar;D:\BaiduNetdiskDownload\apache-maven-3.8.1\.m2\org\projectlombok\lombok\1.18.38\lombok-1.18.38.jar;D:\BaiduNetdiskDownload\apache-maven-3.8.1\.m2\junit\junit\4.13.2\junit-4.13.2.jar;D:\BaiduNetdiskDownload\apache-maven-3.8.1\.m2\org\mockito\mockito-subclass\5.12.0\mockito-subclass-5.12.0.jar;D:\BaiduNetdiskDownload\apache-maven-3.8.1\.m2\com\github\xiaoymin\knife4j-openapi3-jakarta-spring-boot-starter\4.5.0\knife4j-openapi3-jakarta-spring-boot-starter-4.5.0.jar;D:\BaiduNetdiskDownload\apache-maven-3.8.1\.m2\com\github\xiaoymin\knife4j-core\4.5.0\knife4j-core-4.5.0.jar;D:\BaiduNetdiskDownload\apache-maven-3.8.1\.m2\com\github\xiaoymin\knife4j-openapi3-ui\4.5.0\knife4j-openapi3-ui-4.5.0.jar;D:\BaiduNetdiskDownload\apache-maven-3.8.1\.m2\org\springdoc\springdoc-openapi-starter-webmvc-ui\2.3.0\springdoc-openapi-starter-webmvc-ui-2.3.0.jar;D:\BaiduNetdiskDownload\apache-maven-3.8.1\.m2\org\springdoc\springdoc-openapi-starter-webmvc-api\2.3.0\springdoc-openapi-starter-webmvc-api-2.3.0.jar;D:\BaiduNetdiskDownload\apache-maven-3.8.1\.m2\org\springdoc\springdoc-openapi-starter-common\2.3.0\springdoc-openapi-starter-common-2.3.0.jar;D:\BaiduNetdiskDownload\apache-maven-3.8.1\.m2\io\swagger\core\v3\swagger-core-jakarta\2.2.19\swagger-core-jakarta-2.2.19.jar;D:\BaiduNetdiskDownload\apache-maven-3.8.1\.m2\org\apache\commons\commons-lang3\3.17.0\commons-lang3-3.17.0.jar;D:\BaiduNetdiskDownload\apache-maven-3.8.1\.m2\io\swagger\core\v3\swagger-annotations-jakarta\2.2.19\swagger-annotations-jakarta-2.2.19.jar;D:\BaiduNetdiskDownload\apache-maven-3.8.1\.m2\io\swagger\core\v3\swagger-models-jakarta\2.2.19\swagger-models-jakarta-2.2.19.jar;D:\BaiduNetdiskDownload\apache-maven-3.8.1\.m2\jakarta\validation\jakarta.validation-api\3.0.2\jakarta.validation-api-3.0.2.jar;D:\BaiduNetdiskDownload\apache-maven-3.8.1\.m2\com\fasterxml\jackson\dataformat\jackson-dataformat-yaml\2.18.3\jackson-dataformat-yaml-2.18.3.jar;D:\BaiduNetdiskDownload\apache-maven-3.8.1\.m2\org\webjars\swagger-ui\5.10.3\swagger-ui-5.10.3.jar;"/>
    <property name="sun.cpu.endian" value="little"/>
    <property name="user.home" value="C:\Users\wjy"/>
    <property name="user.language" value="zh"/>
    <property name="java.specification.vendor" value="Oracle Corporation"/>
    <property name="java.version.date" value="2024-07-16"/>
    <property name="java.home" value="C:\Program Files\Java\jdk-17"/>
    <property name="file.separator" value="\"/>
    <property name="basedir" value="D:\.net作业\concert_ticketseckill_system"/>
    <property name="java.vm.compressedOopsMode" value="Zero based"/>
    <property name="line.separator" value="&#10;"/>
    <property name="java.vm.specification.vendor" value="Oracle Corporation"/>
    <property name="java.specification.name" value="Java Platform API Specification"/>
    <property name="FILE_LOG_CHARSET" value="GBK"/>
    <property name="java.awt.headless" value="true"/>
    <property name="surefire.real.class.path" value="C:\Users\wjy\AppData\Local\Temp\surefire8204762959123874659\surefirebooter-20250608022848263_3.jar"/>
    <property name="user.script" value=""/>
    <property name="sun.management.compiler" value="HotSpot 64-Bit Tiered Compilers"/>
    <property name="java.runtime.version" value="17.0.12+8-LTS-286"/>
    <property name="user.name" value="wjy"/>
    <property name="path.separator" value=";"/>
    <property name="os.version" value="10.0"/>
    <property name="java.runtime.name" value="Java(TM) SE Runtime Environment"/>
    <property name="file.encoding" value="GBK"/>
    <property name="java.vm.name" value="Java HotSpot(TM) 64-Bit Server VM"/>
    <property name="localRepository" value="D:\BaiduNetdiskDownload\apache-maven-3.8.1\.m2"/>
    <property name="java.vendor.url.bug" value="https://bugreport.java.com/bugreport/"/>
    <property name="java.io.tmpdir" value="C:\Users\wjy\AppData\Local\Temp\"/>
    <property name="idea.version" value="2024.1.4"/>
    <property name="com.zaxxer.hikari.pool_number" value="1"/>
    <property name="java.version" value="17.0.12"/>
    <property name="user.dir" value="D:\.net作业\concert_ticketseckill_system"/>
    <property name="os.arch" value="amd64"/>
    <property name="java.vm.specification.name" value="Java Virtual Machine Specification"/>
    <property name="PID" value="22512"/>
    <property name="sun.os.patch.level" value=""/>
    <property name="CONSOLE_LOG_CHARSET" value="GBK"/>
    <property name="native.encoding" value="GBK"/>
    <property name="java.library.path" value="C:\Program Files\Java\jdk-17\bin;C:\WINDOWS\Sun\Java\bin;C:\WINDOWS\system32;C:\WINDOWS;C:\ProgramData\Oracle\Java\javapath;C:\Program Files\Java\jdk1.8.0_162\bin;C:\Program Files\Common Files\Oracle\Java\javapath;D:\BaiduNetdiskDownload\nodejs;D:\BaiduNetdiskDownload\jdk1.8\bin;D:\bin\;C:\Windows\system32;C:\Windows;C:\Windows\System32\Wbem;C:\Windows\System32\WindowsPowerShell\v1.0\;C:\Windows\System32\OpenSSH\;C:\Program Files (x86)\NVIDIA Corporation\PhysX\Common;C:\WINDOWS\system32;C:\WINDOWS;C:\WINDOWS\System32\Wbem;C:\WINDOWS\System32\WindowsPowerShell\v1.0\;C:\WINDOWS\System32\OpenSSH\;C:\Program Files\dotnet\;D:\Git\cmd;D:\BaiduNetdiskDownload\apache-maven-3.8.1\bin;C:\Program Files (x86)\Windows Kits\10\Windows Performance Toolkit\;D:\360downloads\SQL 2019\150\Tools\Binn\;D:\360downloads\SQL SERVER 2019\150\Tools\Binn\;D:\360downloads\SQL SERVER 2019\150\DTS\Binn\;D:\360downloads\SQL SERVER 2019\Client SDK\ODBC\170\Tools\Binn\;D:\360downloads\SQL 2019\150\DTS\Binn\;D:\360downloads\SQL 2019\160\DTS\Binn\;D:\360downloads\SQL SERVER 2019\130\DTS\Binn\;D:\360downloads\SQL SERVER 2019\140\DTS\Binn\;D:\360downloads\SQL SERVER 2019\160\DTS\Binn\;C:\MinGW\bin;C:\Program Files\nodejs\;C:\Program Files\Java\jdk1.8.0_162\jre\bin;D:\Anaconda;D:\Anaconda\Library\mingw-w64\bin;D:\Anaconda\Library\usr\bin;D:\Anaconda\Library\bin;D:\Anaconda\Scripts;C:\Users\wjy\AppData\Local\Programs\Python\Python311\Scripts\;C:\Users\wjy\AppData\Local\Programs\Python\Python311\;C:\Users\wjy\AppData\Local\Microsoft\WindowsApps;C:\Users\wjy\.dotnet\tools;D:\Microsoft VS Code\bin;D:\SQL\Program Files\MySQL\MySQL Server 8.4\bin;C:\Users\wjy\AppData\Roaming\npm;;."/>
    <property name="java.vm.info" value="mixed mode, sharing"/>
    <property name="java.vendor" value="Oracle Corporation"/>
    <property name="java.vm.version" value="17.0.12+8-LTS-286"/>
    <property name="sun.io.unicode.encoding" value="UnicodeLittle"/>
    <property name="maven.repo.local" value="D:\BaiduNetdiskDownload\apache-maven-3.8.1\.m2"/>
    <property name="java.class.version" value="61.0"/>
  </properties>
  <testcase name="test" classname="com.xmu.edu.concert_ticketseckill_system.ConcertTicketseckillSystemApplicationTests" time="0.307">
    <system-out><![CDATA[02:28:49.099 [main] INFO org.springframework.test.context.support.AnnotationConfigContextLoaderUtils -- Could not detect default configuration classes for test class [com.xmu.edu.concert_ticketseckill_system.ConcertTicketseckillSystemApplicationTests]: ConcertTicketseckillSystemApplicationTests does not declare any static, non-private, non-final, nested classes annotated with @Configuration.
02:28:49.221 [main] INFO org.springframework.boot.test.context.SpringBootTestContextBootstrapper -- Found @SpringBootConfiguration com.xmu.edu.concert_ticketseckill_system.ConcertTicketseckillSystemApplication for test class com.xmu.edu.concert_ticketseckill_system.ConcertTicketseckillSystemApplicationTests

  .   ____          _            __ _ _
 /\\ / ___'_ __ _ _(_)_ __  __ _ \ \ \ \
( ( )\___ | '_ | '_| | '_ \/ _` | \ \ \ \
 \\/  ___)| |_)| | | | | || (_| |  ) ) ) )
  '  |____| .__|_| |_|_| |_\__, | / / / /
 =========|_|==============|___/=/_/_/_/

 :: Spring Boot ::                (v3.4.5)

2025-06-08T02:28:49.781+08:00  WARN 22512 --- [           main] ory$DuplicateJsonObjectContextCustomizer : 

Found multiple occurrences of org.json.JSONObject on the class path:

	jar:file:/D:/BaiduNetdiskDownload/apache-maven-3.8.1/.m2/com/vaadin/external/google/android-json/0.0.20131108.vaadin1/android-json-0.0.20131108.vaadin1.jar!/org/json/JSONObject.class
	jar:file:/D:/BaiduNetdiskDownload/apache-maven-3.8.1/.m2/org/json/json/20240303/json-20240303.jar!/org/json/JSONObject.class

You may wish to exclude one of them to ensure predictable runtime behavior

2025-06-08T02:28:49.832+08:00  INFO 22512 --- [           main] ncertTicketseckillSystemApplicationTests : Starting ConcertTicketseckillSystemApplicationTests using Java 17.0.12 with PID 22512 (started by wjy in D:\.net作业\concert_ticketseckill_system)
2025-06-08T02:28:49.835+08:00  INFO 22512 --- [           main] ncertTicketseckillSystemApplicationTests : No active profile set, falling back to 1 default profile: "default"
2025-06-08T02:28:51.049+08:00  INFO 22512 --- [           main] .s.d.r.c.RepositoryConfigurationDelegate : Multiple Spring Data modules found, entering strict repository configuration mode
2025-06-08T02:28:51.052+08:00  INFO 22512 --- [           main] .s.d.r.c.RepositoryConfigurationDelegate : Bootstrapping Spring Data Redis repositories in DEFAULT mode.
2025-06-08T02:28:51.092+08:00  INFO 22512 --- [           main] .s.d.r.c.RepositoryConfigurationDelegate : Finished Spring Data repository scanning in 11 ms. Found 0 Redis repository interfaces.
2025-06-08T02:28:53.154+08:00  INFO 22512 --- [           main] o.s.v.b.OptionalValidatorFactoryBean     : Failed to set up a Bean Validation provider: jakarta.validation.NoProviderFoundException: Unable to create a Configuration, because no Jakarta Bean Validation provider could be found. Add a provider like Hibernate Validator (RI) to your classpath.
2025-06-08T02:28:54.875+08:00  INFO 22512 --- [           main] ncertTicketseckillSystemApplicationTests : Started ConcertTicketseckillSystemApplicationTests in 5.471 seconds (process running for 6.472)
2025-06-08T02:28:55.718+08:00  INFO 22512 --- [           main] com.zaxxer.hikari.HikariDataSource       : HikariPool-1 - Starting...
2025-06-08T02:28:55.936+08:00  INFO 22512 --- [           main] com.zaxxer.hikari.pool.HikariPool        : HikariPool-1 - Added connection com.mysql.cj.jdbc.ConnectionImpl@52a9db63
2025-06-08T02:28:55.937+08:00  INFO 22512 --- [           main] com.zaxxer.hikari.HikariDataSource       : HikariPool-1 - Start completed.
]]></system-out>
  </testcase>
</testsuite>